#
# A fatal error has been detected by the Java Runtime Environment:
#
#  EXCEPTION_ACCESS_VIOLATION (0xc0000005) at pc=0x000000006dbf4a1b, pid=3756, tid=2776
#
# JRE version: Java(TM) SE Runtime Environment (7.0_79-b15) (build 1.7.0_79-b15)
# Java VM: Java HotSpot(TM) 64-Bit Server VM (24.79-b02 mixed mode windows-amd64 compressed oops)
# Problematic frame:
# V  [jvm.dll+0x144a1b]
#
# Failed to write core dump. Minidumps are not enabled by default on client versions of Windows
#
# If you would like to submit a bug report, please visit:
#   http://bugreport.java.com/bugreport/crash.jsp
#

---------------  T H R E A D  ---------------

Current thread (0x000000000f6d9000):  JavaThread "JDWP Transport Listener: dt_socket" daemon [_thread_in_vm, id=2776, stack(0x00000000105f0000,0x00000000106f0000)]

siginfo: ExceptionCode=0xc0000005, reading address 0x00003b003b656863

Registers:
RAX=0x00000000106ef301, RBX=0x000000000f6d9000, RCX=0x00003b003b656863, RDX=0x0000000000000000
RSP=0x00000000106ef370, RBP=0x00003b003b656863, RSI=0x00000000106ef488, RDI=0x0000000002398a60
R8 =0x000000000f6d9000, R9 =0x0000000000000700, R10=0x0000000000000000, R11=0x0000020d001c0020
R12=0x0000000000000000, R13=0x000000000f6cd5f8, R14=0x0000000000000000, R15=0x0000000000000000
RIP=0x000000006dbf4a1b, EFLAGS=0x0000000000010206

Top of Stack: (sp=0x00000000106ef370)
0x00000000106ef370:   000000000f6d9000 0000000000000004
0x00000000106ef380:   00000000106ef438 000000006dd96a59
0x00000000106ef390:   000000000f6d9000 000000006ddb4602
0x00000000106ef3a0:   0000000000000000 0000000067388e8d
0x00000000106ef3b0:   000000001179e3a8 0000000067392666
0x00000000106ef3c0:   000000000f6d9000 0000000000000000
0x00000000106ef3d0:   0000000000000000 0000000000000000
0x00000000106ef3e0:   00003b003b656863 000000006739175d
0x00000000106ef3f0:   00000000106ef488 00000000106ef460
0x00000000106ef400:   0000000000000001 000000001179e3a8
0x00000000106ef410:   00003b003b656863 00000000673753b3
0x00000000106ef420:   00000000106ef550 0000000000000001
0x00000000106ef430:   0000000000000001 000000001179e3a8
0x00000000106ef440:   000000000000000a 0000000000000000
0x00000000106ef450:   0000000000000000 0000000000000000
0x00000000106ef460:   0000000000000001 0000000067375571 

Instructions: (pc=0x000000006dbf4a1b)
0x000000006dbf49fb:   48 8b 5c 24 30 48 89 47 18 48 83 c4 20 5f c3 cc
0x000000006dbf4a0b:   cc cc cc cc cc 40 53 48 83 ec 20 48 85 c9 74 54
0x000000006dbf4a1b:   48 8b 19 48 85 db 74 4c 48 b8 fe fe fe fe fe fe
0x000000006dbf4a2b:   fe fe 48 3b d8 74 3d 80 3d 8f 26 61 00 00 74 15 


Register to memory mapping:

RAX=0x00000000106ef301 is pointing into the stack for thread: 0x000000000f6d9000
RBX=0x000000000f6d9000 is a thread
RCX=0x00003b003b656863 is an unknown value
RDX=0x0000000000000000 is an unknown value
RSP=0x00000000106ef370 is pointing into the stack for thread: 0x000000000f6d9000
RBP=0x00003b003b656863 is an unknown value
RSI=0x00000000106ef488 is pointing into the stack for thread: 0x000000000f6d9000
RDI=0x0000000002398a60 is an unknown value
R8 =0x000000000f6d9000 is a thread
R9 =0x0000000000000700 is an unknown value
R10=0x0000000000000000 is an unknown value
R11=0x0000020d001c0020 is an unknown value
R12=0x0000000000000000 is an unknown value
R13=0x000000000f6cd5f8 is an unknown value
R14=0x0000000000000000 is an unknown value
R15=0x0000000000000000 is an unknown value


Stack: [0x00000000105f0000,0x00000000106f0000],  sp=0x00000000106ef370,  free space=1020k
Native frames: (J=compiled Java code, j=interpreted, Vv=VM code, C=native code)
V  [jvm.dll+0x144a1b]


---------------  P R O C E S S  ---------------

Java Threads: ( => current thread )
  0x000000001175d000 JavaThread "Service Thread" daemon [_thread_blocked, id=4108, stack(0x0000000011cd0000,0x0000000011dd0000)]
  0x000000000f6ee000 JavaThread "C2 CompilerThread1" daemon [_thread_blocked, id=248, stack(0x0000000012060000,0x0000000012160000)]
  0x000000000f6ec800 JavaThread "C2 CompilerThread0" daemon [_thread_blocked, id=4212, stack(0x0000000011e10000,0x0000000011f10000)]
  0x000000000f6e7800 JavaThread "JDWP Command Reader" daemon [_thread_in_native, id=4704, stack(0x0000000011bb0000,0x0000000011cb0000)]
  0x000000000f6e4800 JavaThread "JDWP Event Helper Thread" daemon [_thread_blocked, id=2296, stack(0x0000000011590000,0x0000000011690000)]
=>0x000000000f6d9000 JavaThread "JDWP Transport Listener: dt_socket" daemon [_thread_in_vm, id=2776, stack(0x00000000105f0000,0x00000000106f0000)]
  0x000000000f6d0800 JavaThread "Attach Listener" daemon [_thread_blocked, id=2652, stack(0x0000000010d70000,0x0000000010e70000)]
  0x000000000f6cb800 JavaThread "Signal Dispatcher" daemon [_thread_blocked, id=668, stack(0x0000000010b70000,0x0000000010c70000)]
  0x000000000f679800 JavaThread "Finalizer" daemon [_thread_blocked, id=4356, stack(0x00000000109e0000,0x0000000010ae0000)]
  0x000000000f672800 JavaThread "Reference Handler" daemon [_thread_blocked, id=4852, stack(0x0000000010890000,0x0000000010990000)]
  0x000000000239e000 JavaThread "main" [_thread_in_native, id=4176, stack(0x00000000026a0000,0x00000000027a0000)]

Other Threads:
  0x000000000f66f800 VMThread [stack: 0x00000000106f0000,0x00000000107f0000] [id=2600]
  0x0000000011775000 WatcherThread [stack: 0x00000000121a0000,0x00000000122a0000] [id=4956]

VM state:not at safepoint (normal execution)

VM Mutex/Monitor currently owned by a thread: None

Heap
 PSYoungGen      total 76288K, used 3932K [0x00000007ab200000, 0x00000007b0700000, 0x0000000800000000)
  eden space 65536K, 6% used [0x00000007ab200000,0x00000007ab5d71b0,0x00000007af200000)
  from space 10752K, 0% used [0x00000007afc80000,0x00000007afc80000,0x00000007b0700000)
  to   space 10752K, 0% used [0x00000007af200000,0x00000007af200000,0x00000007afc80000)
 ParOldGen       total 173568K, used 0K [0x0000000701600000, 0x000000070bf80000, 0x00000007ab200000)
  object space 173568K, 0% used [0x0000000701600000,0x0000000701600000,0x000000070bf80000)
 PSPermGen       total 21504K, used 3256K [0x00000006fc400000, 0x00000006fd900000, 0x0000000701600000)
  object space 21504K, 15% used [0x00000006fc400000,0x00000006fc72e110,0x00000006fd900000)

Card table byte_map: [0x00000000057a0000,0x0000000005fc0000] byte_map_base: 0x0000000001fbe000

Polling page: 0x0000000000220000

Code Cache  [0x00000000027a0000, 0x0000000002a10000, 0x00000000057a0000)
 total_blobs=185 nmethods=2 adapters=144 free_code_cache=48765Kb largest_free_block=49913344

Compilation events (4 events):
Event: 1.595 Thread 0x000000000f6ec800    1             java.lang.String::hashCode (55 bytes)
Event: 1.611 Thread 0x000000000f6ec800 nmethod 1 0x0000000002801110 code [0x0000000002801240, 0x00000000028013d8]
Event: 2.762 Thread 0x000000000f6ee000    2             java.lang.String::indexOf (70 bytes)
Event: 2.768 Thread 0x000000000f6ee000 nmethod 2 0x0000000002800cd0 code [0x0000000002800e20, 0x0000000002801008]

GC Heap History (0 events):
No events

Deoptimization events (0 events):
No events

Internal exceptions (10 events):
Event: 0.016 Thread 0x000000000239e000 Threw 0x00000007ab209f68 at C:\re\jdk7u79\2331\hotspot\src\share\vm\prims\jni.cpp:3991
Event: 0.140 Thread 0x000000000239e000 Threw 0x00000007ab24c420 at C:\re\jdk7u79\2331\hotspot\src\share\vm\prims\jvm.cpp:1304
Event: 0.149 Thread 0x000000000239e000 Threw 0x00000007ab2542d8 at C:\re\jdk7u79\2331\hotspot\src\share\vm\prims\jvm.cpp:1304
Event: 0.150 Thread 0x000000000239e000 Threw 0x00000007ab2576e0 at C:\re\jdk7u79\2331\hotspot\src\share\vm\prims\jvm.cpp:1304
Event: 0.151 Thread 0x000000000239e000 Threw 0x00000007ab2594e0 at C:\re\jdk7u79\2331\hotspot\src\share\vm\prims\jvm.cpp:1304
Event: 0.169 Thread 0x000000000239e000 Threw 0x00000007ab277550 at C:\re\jdk7u79\2331\hotspot\src\share\vm\prims\jvm.cpp:1304
Event: 0.169 Thread 0x000000000239e000 Threw 0x00000007ab277678 at C:\re\jdk7u79\2331\hotspot\src\share\vm\prims\jvm.cpp:1304
Event: 0.169 Thread 0x000000000239e000 Threw 0x00000007ab27abb0 at C:\re\jdk7u79\2331\hotspot\src\share\vm\prims\jvm.cpp:1304
Event: 0.169 Thread 0x000000000239e000 Threw 0x00000007ab27acd8 at C:\re\jdk7u79\2331\hotspot\src\share\vm\prims\jvm.cpp:1304
Event: 1.596 Thread 0x000000000239e000 Threw 0x00000007ab293210 at C:\re\jdk7u79\2331\hotspot\src\share\vm\prims\jvm.cpp:1304

Events (10 events):
Event: 581.017 Executing VM operation: RedefineClasses
Event: 581.017 Executing VM operation: RedefineClasses done
Event: 616.689 Executing VM operation: RedefineClasses
Event: 616.689 Executing VM operation: RedefineClasses done
Event: 663.211 Executing VM operation: RedefineClasses
Event: 663.211 Executing VM operation: RedefineClasses done
Event: 699.468 Executing VM operation: RedefineClasses
Event: 699.468 Executing VM operation: RedefineClasses done
Event: 761.407 Executing VM operation: RedefineClasses
Event: 761.407 Executing VM operation: RedefineClasses done


Dynamic libraries:
0x000000013fa20000 - 0x000000013fa53000 	C:\Program Files\Java\jre7\bin\javaw.exe
0x0000000077bd0000 - 0x0000000077d79000 	C:\Windows\SYSTEM32\ntdll.dll
0x0000000077ab0000 - 0x0000000077bd0000 	C:\Windows\system32\kernel32.dll
0x000007fefdb20000 - 0x000007fefdb8c000 	C:\Windows\system32\KERNELBASE.dll
0x000007fefec40000 - 0x000007fefed1b000 	C:\Windows\system32\ADVAPI32.dll
0x000007feffcb0000 - 0x000007feffd4f000 	C:\Windows\system32\msvcrt.dll
0x000007feffec0000 - 0x000007feffedf000 	C:\Windows\SYSTEM32\sechost.dll
0x000007feffaa0000 - 0x000007feffbcd000 	C:\Windows\system32\RPCRT4.dll
0x00000000779b0000 - 0x0000000077aaa000 	C:\Windows\system32\USER32.dll
0x000007fefebd0000 - 0x000007fefec37000 	C:\Windows\system32\GDI32.dll
0x000007feffda0000 - 0x000007feffdae000 	C:\Windows\system32\LPK.dll
0x000007fefed20000 - 0x000007fefede9000 	C:\Windows\system32\USP10.dll
0x000007fefbfe0000 - 0x000007fefc1d4000 	C:\Windows\WinSxS\amd64_microsoft.windows.common-controls_6595b64144ccf1df_6.0.7601.18837_none_fa3b1e3d17594757\COMCTL32.dll
0x000007fefeb50000 - 0x000007fefebc1000 	C:\Windows\system32\SHLWAPI.dll
0x000007feff1c0000 - 0x000007feff1ee000 	C:\Windows\system32\IMM32.DLL
0x000007feffdb0000 - 0x000007feffeb9000 	C:\Windows\system32\MSCTF.dll
0x000000006e290000 - 0x000000006e362000 	C:\Program Files\Java\jre7\bin\msvcr100.dll
0x000000006dab0000 - 0x000000006e285000 	C:\Program Files\Java\jre7\bin\server\jvm.dll
0x000007fef3340000 - 0x000007fef3349000 	C:\Windows\system32\WSOCK32.dll
0x000007feffd50000 - 0x000007feffd9d000 	C:\Windows\system32\WS2_32.dll
0x000007fefdd30000 - 0x000007fefdd38000 	C:\Windows\system32\NSI.dll
0x000007fef9610000 - 0x000007fef964b000 	C:\Windows\system32\WINMM.dll
0x0000000077d90000 - 0x0000000077d97000 	C:\Windows\system32\PSAPI.DLL
0x000000006e440000 - 0x000000006e44f000 	C:\Program Files\Java\jre7\bin\verify.dll
0x000000006e410000 - 0x000000006e438000 	C:\Program Files\Java\jre7\bin\java.dll
0x0000000067370000 - 0x00000000673a5000 	C:\Program Files\Java\jre7\bin\jdwp.dll
0x0000000068a40000 - 0x0000000068a48000 	C:\Program Files\Java\jre7\bin\npt.dll
0x000000006e3f0000 - 0x000000006e405000 	C:\Program Files\Java\jre7\bin\zip.dll
0x0000000067360000 - 0x0000000067369000 	C:\Program Files\Java\jre7\bin\dt_socket.dll
0x000007fefbdf0000 - 0x000007fefbe05000 	C:\Windows\system32\NLAapi.dll
0x000007fefa700000 - 0x000007fefa715000 	C:\Windows\system32\napinsp.dll
0x000007fefa420000 - 0x000007fefa439000 	C:\Windows\system32\pnrpnsp.dll
0x000007fefd110000 - 0x000007fefd165000 	C:\Windows\System32\mswsock.dll
0x000007fefcf90000 - 0x000007fefcfeb000 	C:\Windows\system32\DNSAPI.dll
0x000007fefa6f0000 - 0x000007fefa6fb000 	C:\Windows\System32\winrnr.dll
0x000007fefb6a0000 - 0x000007fefb6c7000 	C:\Windows\system32\IPHLPAPI.DLL
0x000007fefb680000 - 0x000007fefb68b000 	C:\Windows\system32\WINNSI.DLL
0x000007fefb530000 - 0x000007fefb583000 	C:\Windows\System32\fwpuclnt.dll
0x000007fefa310000 - 0x000007fefa318000 	C:\Windows\system32\rasadhlp.dll
0x000007fefcb30000 - 0x000007fefcb37000 	C:\Windows\System32\wshtcpip.dll
0x000007fefa5c0000 - 0x000007fefa6e5000 	C:\Windows\system32\dbghelp.dll

VM Arguments:
jvm_args: -agentlib:jdwp=transport=dt_socket,suspend=y,address=localhost:62188 -Dfile.encoding=Cp1252 
java_command: Exercise5.Jukebox
Launcher Type: SUN_STANDARD

Environment Variables:
JAVA_HOME=C:\Program Files\Java\jdk1.7.0_79
PATH=C:\Windows\system32;C:\Windows;C:\Windows\System32\Wbem;C:\Windows\System32\WindowsPowerShell\v1.0\;C:\Program Files (x86)\MySQL\MySQL Utilities\;C:\Program Files (x86)\MySQL\MySQL Utilities\Doctrine extensions for PHP\; C:\Program Files\Java\jdk1.7.0_79\bin
USERNAME=Administrator
OS=Windows_NT
PROCESSOR_IDENTIFIER=Intel64 Family 6 Model 60 Stepping 3, GenuineIntel



---------------  S Y S T E M  ---------------

OS: Windows 7 , 64 bit Build 7601 Service Pack 1

CPU:total 4 (4 cores per cpu, 2 threads per core) family 6 model 60 stepping 3, cmov, cx8, fxsr, mmx, sse, sse2, sse3, ssse3, sse4.1, sse4.2, popcnt, avx, avx2, aes, erms, ht, tsc, tscinvbit

Memory: 4k page, physical 16686616k(14222276k free), swap 35493124k(30785600k free)

vm_info: Java HotSpot(TM) 64-Bit Server VM (24.79-b02) for windows-amd64 JRE (1.7.0_79-b15), built on Apr 10 2015 12:36:16 by "java_re" with unknown MS VC++:1600

time: Mon Apr 25 12:40:59 2016
elapsed time: 782 seconds

