#
# A fatal error has been detected by the Java Runtime Environment:
#
#  EXCEPTION_ACCESS_VIOLATION (0xc0000005) at pc=0x000000006dbf4a1b, pid=3260, tid=252
#
# JRE version: Java(TM) SE Runtime Environment (7.0_79-b15) (build 1.7.0_79-b15)
# Java VM: Java HotSpot(TM) 64-Bit Server VM (24.79-b02 mixed mode windows-amd64 compressed oops)
# Problematic frame:
# V  [jvm.dll+0x144a1b]
#
# Failed to write core dump. Minidumps are not enabled by default on client versions of Windows
#
# If you would like to submit a bug report, please visit:
#   http://bugreport.java.com/bugreport/crash.jsp
#

---------------  T H R E A D  ---------------

Current thread (0x000000000f6b8800):  JavaThread "JDWP Transport Listener: dt_socket" daemon [_thread_in_vm, id=252, stack(0x0000000011330000,0x0000000011430000)]

siginfo: ExceptionCode=0xc0000005, reading address 0xffffffffffffffff

Registers:
RAX=0x000000001142f001, RBX=0x000000000f6b8800, RCX=0x003b726f74003b00, RDX=0x0000000000000000
RSP=0x000000001142f070, RBP=0x003b726f74003b00, RSI=0x000000001142f188, RDI=0x00000000022f8a60
R8 =0x000000000f6b8800, R9 =0x0000000000000700, R10=0x0000000000000000, R11=0x00000419001c0020
R12=0x0000000000000000, R13=0x000000000f6a4848, R14=0x0000000000000000, R15=0x0000000000000000
RIP=0x000000006dbf4a1b, EFLAGS=0x0000000000010206

Top of Stack: (sp=0x000000001142f070)
0x000000001142f070:   000000000f6b8800 0000000000000004
0x000000001142f080:   000000001142f138 000000006dd96a59
0x000000001142f090:   000000000f6b8800 000000006ddb4602
0x000000001142f0a0:   0000000000000000 0000000067388e8d
0x000000001142f0b0:   0000000011987db8 0000000067392666
0x000000001142f0c0:   000000000f6b8800 0000000000000000
0x000000001142f0d0:   0000000000000000 0000000000000000
0x000000001142f0e0:   003b726f74003b00 000000006739175d
0x000000001142f0f0:   000000001142f188 000000001142f160
0x000000001142f100:   0000000000000001 0000000011987db8
0x000000001142f110:   003b726f74003b00 00000000673753b3
0x000000001142f120:   000000001142f250 0000000000000001
0x000000001142f130:   0000000000000001 0000000011987db8
0x000000001142f140:   000000000000000a 0000000000000000
0x000000001142f150:   0000000000000000 0000000000000000
0x000000001142f160:   0000000000000001 0000000067375571 

Instructions: (pc=0x000000006dbf4a1b)
0x000000006dbf49fb:   48 8b 5c 24 30 48 89 47 18 48 83 c4 20 5f c3 cc
0x000000006dbf4a0b:   cc cc cc cc cc 40 53 48 83 ec 20 48 85 c9 74 54
0x000000006dbf4a1b:   48 8b 19 48 85 db 74 4c 48 b8 fe fe fe fe fe fe
0x000000006dbf4a2b:   fe fe 48 3b d8 74 3d 80 3d 8f 26 61 00 00 74 15 


Register to memory mapping:

RAX=0x000000001142f001 is pointing into the stack for thread: 0x000000000f6b8800
RBX=0x000000000f6b8800 is a thread
RCX=0x003b726f74003b00 is an unknown value
RDX=0x0000000000000000 is an unknown value
RSP=0x000000001142f070 is pointing into the stack for thread: 0x000000000f6b8800
RBP=0x003b726f74003b00 is an unknown value
RSI=0x000000001142f188 is pointing into the stack for thread: 0x000000000f6b8800
RDI=0x00000000022f8a60 is an unknown value
R8 =0x000000000f6b8800 is a thread
R9 =0x0000000000000700 is an unknown value
R10=0x0000000000000000 is an unknown value
R11=0x00000419001c0020 is an unknown value
R12=0x0000000000000000 is an unknown value
R13=0x000000000f6a4848 is an unknown value
R14=0x0000000000000000 is an unknown value
R15=0x0000000000000000 is an unknown value


Stack: [0x0000000011330000,0x0000000011430000],  sp=0x000000001142f070,  free space=1020k
Native frames: (J=compiled Java code, j=interpreted, Vv=VM code, C=native code)
V  [jvm.dll+0x144a1b]

[error occurred during error reporting (printing native stack), id 0xc0000005]


---------------  P R O C E S S  ---------------

Java Threads: ( => current thread )
  0x0000000011976000 JavaThread "Service Thread" daemon [_thread_blocked, id=4992, stack(0x00000000109f0000,0x0000000010af0000)]
  0x0000000011972800 JavaThread "C2 CompilerThread1" daemon [_thread_blocked, id=4244, stack(0x0000000011750000,0x0000000011850000)]
  0x0000000011970800 JavaThread "C2 CompilerThread0" daemon [_thread_blocked, id=2856, stack(0x0000000011e40000,0x0000000011f40000)]
  0x000000000f6be800 JavaThread "JDWP Command Reader" daemon [_thread_in_native, id=428, stack(0x0000000011860000,0x0000000011960000)]
  0x000000000f6bd800 JavaThread "JDWP Event Helper Thread" daemon [_thread_blocked, id=1064, stack(0x0000000011640000,0x0000000011740000)]
=>0x000000000f6b8800 JavaThread "JDWP Transport Listener: dt_socket" daemon [_thread_in_vm, id=252, stack(0x0000000011330000,0x0000000011430000)]
  0x000000000f6a8000 JavaThread "Attach Listener" daemon [_thread_blocked, id=3116, stack(0x0000000010b00000,0x0000000010c00000)]
  0x000000000f6a3000 JavaThread "Signal Dispatcher" daemon [_thread_blocked, id=2312, stack(0x00000000108d0000,0x00000000109d0000)]
  0x000000000f647000 JavaThread "Finalizer" daemon [_thread_blocked, id=5032, stack(0x00000000105b0000,0x00000000106b0000)]
  0x000000000f63f800 JavaThread "Reference Handler" daemon [_thread_blocked, id=4328, stack(0x00000000107c0000,0x00000000108c0000)]
  0x00000000022fe000 JavaThread "main" [_thread_in_native, id=3920, stack(0x00000000025e0000,0x00000000026e0000)]

Other Threads:
  0x000000000f63c000 VMThread [stack: 0x00000000106b0000,0x00000000107b0000] [id=2440]
  0x0000000011984000 WatcherThread [stack: 0x00000000120b0000,0x00000000121b0000] [id=1300]

VM state:not at safepoint (normal execution)

VM Mutex/Monitor currently owned by a thread: None

Heap
 PSYoungGen      total 76288K, used 3932K [0x00000007ab200000, 0x00000007b0700000, 0x0000000800000000)
  eden space 65536K, 6% used [0x00000007ab200000,0x00000007ab5d71b0,0x00000007af200000)
  from space 10752K, 0% used [0x00000007afc80000,0x00000007afc80000,0x00000007b0700000)
  to   space 10752K, 0% used [0x00000007af200000,0x00000007af200000,0x00000007afc80000)
 ParOldGen       total 173568K, used 0K [0x0000000701600000, 0x000000070bf80000, 0x00000007ab200000)
  object space 173568K, 0% used [0x0000000701600000,0x0000000701600000,0x000000070bf80000)
 PSPermGen       total 21504K, used 3461K [0x00000006fc400000, 0x00000006fd900000, 0x0000000701600000)
  object space 21504K, 16% used [0x00000006fc400000,0x00000006fc7615a0,0x00000006fd900000)

Card table byte_map: [0x00000000056e0000,0x0000000005f00000] byte_map_base: 0x0000000001efe000

Polling page: 0x0000000000120000

Code Cache  [0x00000000026e0000, 0x0000000002950000, 0x00000000056e0000)
 total_blobs=185 nmethods=2 adapters=144 free_code_cache=48765Kb largest_free_block=49913344

Compilation events (4 events):
Event: 2.433 Thread 0x0000000011970800    1             java.lang.String::hashCode (55 bytes)
Event: 2.446 Thread 0x0000000011972800    2             java.lang.String::indexOf (70 bytes)
Event: 2.449 Thread 0x0000000011970800 nmethod 1 0x0000000002741110 code [0x0000000002741240, 0x00000000027413d8]
Event: 2.452 Thread 0x0000000011972800 nmethod 2 0x0000000002740cd0 code [0x0000000002740e20, 0x0000000002741008]

GC Heap History (0 events):
No events

Deoptimization events (0 events):
No events

Internal exceptions (10 events):
Event: 0.016 Thread 0x00000000022fe000 Threw 0x00000007ab209f68 at C:\re\jdk7u79\2331\hotspot\src\share\vm\prims\jni.cpp:3991
Event: 0.125 Thread 0x00000000022fe000 Threw 0x00000007ab24c420 at C:\re\jdk7u79\2331\hotspot\src\share\vm\prims\jvm.cpp:1304
Event: 0.131 Thread 0x00000000022fe000 Threw 0x00000007ab253eb8 at C:\re\jdk7u79\2331\hotspot\src\share\vm\prims\jvm.cpp:1304
Event: 0.132 Thread 0x00000000022fe000 Threw 0x00000007ab2572c0 at C:\re\jdk7u79\2331\hotspot\src\share\vm\prims\jvm.cpp:1304
Event: 0.132 Thread 0x00000000022fe000 Threw 0x00000007ab2590c0 at C:\re\jdk7u79\2331\hotspot\src\share\vm\prims\jvm.cpp:1304
Event: 0.146 Thread 0x00000000022fe000 Threw 0x00000007ab277130 at C:\re\jdk7u79\2331\hotspot\src\share\vm\prims\jvm.cpp:1304
Event: 0.146 Thread 0x00000000022fe000 Threw 0x00000007ab277258 at C:\re\jdk7u79\2331\hotspot\src\share\vm\prims\jvm.cpp:1304
Event: 0.147 Thread 0x00000000022fe000 Threw 0x00000007ab27a790 at C:\re\jdk7u79\2331\hotspot\src\share\vm\prims\jvm.cpp:1304
Event: 0.147 Thread 0x00000000022fe000 Threw 0x00000007ab27a8b8 at C:\re\jdk7u79\2331\hotspot\src\share\vm\prims\jvm.cpp:1304
Event: 2.433 Thread 0x00000000022fe000 Threw 0x00000007ab292df0 at C:\re\jdk7u79\2331\hotspot\src\share\vm\prims\jvm.cpp:1304

Events (10 events):
Event: 1889.437 Executing VM operation: RedefineClasses
Event: 1889.437 Executing VM operation: RedefineClasses done
Event: 1925.109 Executing VM operation: RedefineClasses
Event: 1925.109 Executing VM operation: RedefineClasses done
Event: 1971.629 Executing VM operation: RedefineClasses
Event: 1971.629 Executing VM operation: RedefineClasses done
Event: 2007.887 Executing VM operation: RedefineClasses
Event: 2007.888 Executing VM operation: RedefineClasses done
Event: 2069.827 Executing VM operation: RedefineClasses
Event: 2069.827 Executing VM operation: RedefineClasses done


Dynamic libraries:
0x000000013fa20000 - 0x000000013fa53000 	C:\Program Files\Java\jre7\bin\javaw.exe
0x0000000077bd0000 - 0x0000000077d79000 	C:\Windows\SYSTEM32\ntdll.dll
0x0000000077ab0000 - 0x0000000077bd0000 	C:\Windows\system32\kernel32.dll
0x000007fefdb20000 - 0x000007fefdb8c000 	C:\Windows\system32\KERNELBASE.dll
0x000007fefec40000 - 0x000007fefed1b000 	C:\Windows\system32\ADVAPI32.dll
0x000007feffcb0000 - 0x000007feffd4f000 	C:\Windows\system32\msvcrt.dll
0x000007feffec0000 - 0x000007feffedf000 	C:\Windows\SYSTEM32\sechost.dll
0x000007feffaa0000 - 0x000007feffbcd000 	C:\Windows\system32\RPCRT4.dll
0x00000000779b0000 - 0x0000000077aaa000 	C:\Windows\system32\USER32.dll
0x000007fefebd0000 - 0x000007fefec37000 	C:\Windows\system32\GDI32.dll
0x000007feffda0000 - 0x000007feffdae000 	C:\Windows\system32\LPK.dll
0x000007fefed20000 - 0x000007fefede9000 	C:\Windows\system32\USP10.dll
0x000007fefbfe0000 - 0x000007fefc1d4000 	C:\Windows\WinSxS\amd64_microsoft.windows.common-controls_6595b64144ccf1df_6.0.7601.18837_none_fa3b1e3d17594757\COMCTL32.dll
0x000007fefeb50000 - 0x000007fefebc1000 	C:\Windows\system32\SHLWAPI.dll
0x000007feff1c0000 - 0x000007feff1ee000 	C:\Windows\system32\IMM32.DLL
0x000007feffdb0000 - 0x000007feffeb9000 	C:\Windows\system32\MSCTF.dll
0x000000006e290000 - 0x000000006e362000 	C:\Program Files\Java\jre7\bin\msvcr100.dll
0x000000006dab0000 - 0x000000006e285000 	C:\Program Files\Java\jre7\bin\server\jvm.dll
0x000007fef3340000 - 0x000007fef3349000 	C:\Windows\system32\WSOCK32.dll
0x000007feffd50000 - 0x000007feffd9d000 	C:\Windows\system32\WS2_32.dll
0x000007fefdd30000 - 0x000007fefdd38000 	C:\Windows\system32\NSI.dll
0x000007fef9610000 - 0x000007fef964b000 	C:\Windows\system32\WINMM.dll
0x0000000077d90000 - 0x0000000077d97000 	C:\Windows\system32\PSAPI.DLL
0x000000006e440000 - 0x000000006e44f000 	C:\Program Files\Java\jre7\bin\verify.dll
0x000000006e410000 - 0x000000006e438000 	C:\Program Files\Java\jre7\bin\java.dll
0x0000000067370000 - 0x00000000673a5000 	C:\Program Files\Java\jre7\bin\jdwp.dll
0x0000000068a40000 - 0x0000000068a48000 	C:\Program Files\Java\jre7\bin\npt.dll
0x000000006e3f0000 - 0x000000006e405000 	C:\Program Files\Java\jre7\bin\zip.dll
0x0000000067360000 - 0x0000000067369000 	C:\Program Files\Java\jre7\bin\dt_socket.dll
0x000007fefbdf0000 - 0x000007fefbe05000 	C:\Windows\system32\NLAapi.dll
0x000007fefa700000 - 0x000007fefa715000 	C:\Windows\system32\napinsp.dll
0x000007fefa420000 - 0x000007fefa439000 	C:\Windows\system32\pnrpnsp.dll
0x000007fefd110000 - 0x000007fefd165000 	C:\Windows\System32\mswsock.dll
0x000007fefcf90000 - 0x000007fefcfeb000 	C:\Windows\system32\DNSAPI.dll
0x000007fefa6f0000 - 0x000007fefa6fb000 	C:\Windows\System32\winrnr.dll
0x000007fefb6a0000 - 0x000007fefb6c7000 	C:\Windows\system32\IPHLPAPI.DLL
0x000007fefb680000 - 0x000007fefb68b000 	C:\Windows\system32\WINNSI.DLL
0x000007fefb530000 - 0x000007fefb583000 	C:\Windows\System32\fwpuclnt.dll
0x000007fefa310000 - 0x000007fefa318000 	C:\Windows\system32\rasadhlp.dll
0x000007fefcb30000 - 0x000007fefcb37000 	C:\Windows\System32\wshtcpip.dll
0x000007fefa5c0000 - 0x000007fefa6e5000 	C:\Windows\system32\dbghelp.dll

VM Arguments:
jvm_args: -agentlib:jdwp=transport=dt_socket,suspend=y,address=localhost:61920 -Dfile.encoding=Cp1252 
java_command: Exercise5.Jukebox
Launcher Type: SUN_STANDARD

Environment Variables:
JAVA_HOME=C:\Program Files\Java\jdk1.7.0_79
PATH=C:\Windows\system32;C:\Windows;C:\Windows\System32\Wbem;C:\Windows\System32\WindowsPowerShell\v1.0\;C:\Program Files (x86)\MySQL\MySQL Utilities\;C:\Program Files (x86)\MySQL\MySQL Utilities\Doctrine extensions for PHP\; C:\Program Files\Java\jdk1.7.0_79\bin
USERNAME=Administrator
OS=Windows_NT
PROCESSOR_IDENTIFIER=Intel64 Family 6 Model 60 Stepping 3, GenuineIntel



---------------  S Y S T E M  ---------------

OS: Windows 7 , 64 bit Build 7601 Service Pack 1

CPU:total 4 (4 cores per cpu, 2 threads per core) family 6 model 60 stepping 3, cmov, cx8, fxsr, mmx, sse, sse2, sse3, ssse3, sse4.1, sse4.2, popcnt, avx, avx2, aes, erms, ht, tsc, tscinvbit

Memory: 4k page, physical 16686616k(14182364k free), swap 35493124k(29403852k free)

vm_info: Java HotSpot(TM) 64-Bit Server VM (24.79-b02) for windows-amd64 JRE (1.7.0_79-b15), built on Apr 10 2015 12:36:16 by "java_re" with unknown MS VC++:1600

time: Mon Apr 25 12:40:59 2016
elapsed time: 2090 seconds

